🌐 Backend running on port 5000
🚀 Initializing startup sync...
🚀 Fingerprint Sync Service Starting...
ok tcp
[Device] 🕐 Setting Nepal time: 5/14/2026, 3:30:58 PM
[Device] 🔍 Encoding: 5/14/2026, 3:30:58 PM → 832087858s
[Device] 🔍 Sending hex: 32a79831
[Device] ✅ Time set successfully
[Machine] ✅ Device time synced.
[Machine] 👥 Syncing employees from device...
[Machine] Connecting to 192.168.1.201...
ok tcp
[Machine] TCP ok
[Machine] 0 new record(s) found.
[Machine] 🔁 Sync scheduled every 30s
[Machine] Connecting to 192.168.1.201...
ok tcp
[Machine] TCP ok
[Machine] 0 new record(s) found.
[Machine] Connecting to 192.168.1.201...
ok tcp
[Machine] TCP ok
[Machine] 0 new record(s) found.
[Machine] Connecting to 192.168.1.201...
[Machine] Connecting to 192.168.1.201...
[Machine] Connecting to 192.168.1.201...
[Machine] Connecting to 192.168.1.201...
[Machine] Connecting to 192.168.1.201...
[Machine] Connecting to 192.168.1.201...
[Machine] Connecting to 192.168.1.201...
ok tcp
[Machine] TCP ok
[Machine] 0 new record(s) found.
[Machine] Connecting to 192.168.1.201...
ok tcp
[Machine] TCP ok
[Machine] 0 new record(s) found.
[Machine] Connecting to 192.168.1.201...
[Machine] Connecting to 192.168.1.201...
[Machine] Connecting to 192.168.1.201...
[Machine] Connecting to 192.168.1.201...
[Machine] Connecting to 192.168.1.201...
[Machine] Connecting to 192.168.1.201...
ok tcp
[Machine] TCP ok
[Machine] 0 new record(s) found.
[Machine] Connecting to 192.168.1.201...
ok tcp
[Machine] TCP ok
[Machine] 0 new record(s) found.
[Machine] Connecting to 192.168.1.201...
ok tcp
[Machine] TCP ok
[Machine] 0 new record(s) found.
[Machine] Connecting to 192.168.1.201...
ok tcp
[Machine] TCP ok
[Machine] 0 new record(s) found.
[Machine] Connecting to 192.168.1.201...
ok tcp
[Machine] TCP ok
[Machine] 0 new record(s) found.
[Machine] Connecting to 192.168.1.201...
ok tcp
[Machine] TCP ok
[Machine] 0 new record(s) found.
[Machine] Connecting to 192.168.1.201...
ok tcp
[Machine] TCP ok
