[Machine] ❌ Failed to sync employees from device: TIMEOUT_ON_WRITING_MESSAGE
[Machine] Process caught exception: TIMEOUT_ON_WRITING_MESSAGE
[Machine] Process caught exception: TIMEOUT_ON_WRITING_MESSAGE
[Machine] Process caught exception: TIMEOUT_ON_WRITING_MESSAGE
[Machine] Process caught exception: TIMEOUT_ON_WRITING_MESSAGE
[Machine] Process caught exception: TIMEOUT_ON_WRITING_MESSAGE
[Machine] Process caught exception: TIMEOUT_ON_WRITING_MESSAGE
[Machine] Process caught exception: TIMEOUT_ON_WRITING_MESSAGE
[Machine] Process caught exception: TIMEOUT_ON_WRITING_MESSAGE
[Machine] Process caught exception: TIMEOUT_ON_WRITING_MESSAGE
[Machine] Process caught exception: TIMEOUT_ON_WRITING_MESSAGE
[Machine] Process caught exception: TIMEOUT_ON_WRITING_MESSAGE
Register error: PrismaClientKnownRequestError: 
Invalid `prisma.user.create()` invocation in
E:\Code\Attendance_System\Backend\src\modules\auth\auth.controller.ts:89:23

  86 const hashedPassword = await hashPassword(password);
  87 const otpExpiry = getOTPExpiry();
  88 
→ 89 await prisma.user.create(
Unique constraint failed on the fields: (`username`)
    at zr.handleRequestError (E:\Code\Attendance_System\Backend\node_modules\@prisma\client\src\runtime\RequestHandler.ts:237:13)
    at zr.handleAndLogRequestError (E:\Code\Attendance_System\Backend\node_modules\@prisma\client\src\runtime\RequestHandler.ts:183:12)
    at zr.request (E:\Code\Attendance_System\Backend\node_modules\@prisma\client\src\runtime\RequestHandler.ts:152:12)
    at process.processTicksAndRejections (node:internal/process/task_queues:105:5)
    at async a (E:\Code\Attendance_System\Backend\node_modules\@prisma\client\src\runtime\getPrismaClient.ts:963:24)
    at async Register (E:\Code\Attendance_System\Backend\src\modules\auth\auth.controller.ts:89:5) {
  code: 'P2002',
  meta: {
    modelName: 'User',
    driverAdapterError: DriverAdapterError: UniqueConstraintViolation
        at PrismaPgAdapter.onError (file:///E:/Code/Attendance_System/Backend/node_modules/@prisma/adapter-pg/dist/index.mjs:642:11)
        at PrismaPgAdapter.performIO (file:///E:/Code/Attendance_System/Backend/node_modules/@prisma/adapter-pg/dist/index.mjs:637:12)
        at process.processTicksAndRejections (node:internal/process/task_queues:105:5)
        at async PrismaPgAdapter.queryRaw (file:///E:/Code/Attendance_System/Backend/node_modules/@prisma/adapter-pg/dist/index.mjs:568:30)
        at async e.interpretNode (E:\Code\Attendance_System\Backend\node_modules\@prisma\client-engine-runtime\src\interpreter\query-interpreter.ts:186:26)
        at async e.interpretNode (E:\Code\Attendance_System\Backend\node_modules\@prisma\client-engine-runtime\src\interpreter\query-interpreter.ts:213:41)
        at async e.interpretNode (E:\Code\Attendance_System\Backend\node_modules\@prisma\client-engine-runtime\src\interpreter\query-interpreter.ts:272:41)
        at async e.run (E:\Code\Attendance_System\Backend\node_modules\@prisma\client-engine-runtime\src\interpreter\query-interpreter.ts:94:23)
        at async e.execute (E:\Code\Attendance_System\Backend\node_modules\@prisma\client\src\runtime\core\engines\client\LocalExecutor.ts:81:12)
        at async jt.request (E:\Code\Attendance_System\Backend\node_modules\@prisma\client\src\runtime\core\engines\client\ClientEngine.ts:504:22) {
      cause: [Object]
    }
  },
  clientVersion: '7.8.0'
}
Register error: PrismaClientKnownRequestError: 
Invalid `prisma.user.create()` invocation in
E:\Code\Attendance_System\Backend\src\modules\auth\auth.controller.ts:89:23

  86 const hashedPassword = await hashPassword(password);
  87 const otpExpiry = getOTPExpiry();
  88 
→ 89 await prisma.user.create(
Unique constraint failed on the fields: (`username`)
    at zr.handleRequestError (E:\Code\Attendance_System\Backend\node_modules\@prisma\client\src\runtime\RequestHandler.ts:237:13)
    at zr.handleAndLogRequestError (E:\Code\Attendance_System\Backend\node_modules\@prisma\client\src\runtime\RequestHandler.ts:183:12)
    at zr.request (E:\Code\Attendance_System\Backend\node_modules\@prisma\client\src\runtime\RequestHandler.ts:152:12)
    at process.processTicksAndRejections (node:internal/process/task_queues:105:5)
    at async a (E:\Code\Attendance_System\Backend\node_modules\@prisma\client\src\runtime\getPrismaClient.ts:963:24)
    at async Register (E:\Code\Attendance_System\Backend\src\modules\auth\auth.controller.ts:89:5) {
  code: 'P2002',
  meta: {
    modelName: 'User',
    driverAdapterError: DriverAdapterError: UniqueConstraintViolation
        at PrismaPgAdapter.onError (file:///E:/Code/Attendance_System/Backend/node_modules/@prisma/adapter-pg/dist/index.mjs:642:11)
        at PrismaPgAdapter.performIO (file:///E:/Code/Attendance_System/Backend/node_modules/@prisma/adapter-pg/dist/index.mjs:637:12)
        at process.processTicksAndRejections (node:internal/process/task_queues:105:5)
        at async PrismaPgAdapter.queryRaw (file:///E:/Code/Attendance_System/Backend/node_modules/@prisma/adapter-pg/dist/index.mjs:568:30)
        at async e.interpretNode (E:\Code\Attendance_System\Backend\node_modules\@prisma\client-engine-runtime\src\interpreter\query-interpreter.ts:186:26)
        at async e.interpretNode (E:\Code\Attendance_System\Backend\node_modules\@prisma\client-engine-runtime\src\interpreter\query-interpreter.ts:213:41)
        at async e.interpretNode (E:\Code\Attendance_System\Backend\node_modules\@prisma\client-engine-runtime\src\interpreter\query-interpreter.ts:272:41)
        at async e.run (E:\Code\Attendance_System\Backend\node_modules\@prisma\client-engine-runtime\src\interpreter\query-interpreter.ts:94:23)
        at async e.execute (E:\Code\Attendance_System\Backend\node_modules\@prisma\client\src\runtime\core\engines\client\LocalExecutor.ts:81:12)
        at async jt.request (E:\Code\Attendance_System\Backend\node_modules\@prisma\client\src\runtime\core\engines\client\ClientEngine.ts:504:22) {
      cause: [Object]
    }
  },
  clientVersion: '7.8.0'
}
[Machine] ❌ Hardware buffer error. Skipping this cycle.
   Detail: TIMEOUT_IN_RECEIVING_RESPONSE_AFTER_REQUESTING_DATA
E:\Code\Attendance_System\Backend\node_modules\node-zklib\zklibtcp.js:234
      const header = decodeTCPHeader(reply.subarray(0, 16))
                                           ^

TypeError: Cannot read properties of null (reading 'subarray')
    at E:\Code\Attendance_System\Backend\node_modules\node-zklib\zklibtcp.js:234:44

Node.js v22.19.0
